[1 - Suricata-Main] 2025-07-29 16:17:38 Notice: suricata: This is Suricata version 7.0.11 RELEASE running in SYSTEM mode
[1 - Suricata-Main] 2025-07-29 16:17:38 Info: cpu: CPUs/cores online: 2
[1 - Suricata-Main] 2025-07-29 16:17:38 Info: suricata: Setting engine mode to IDS mode by default
[1 - Suricata-Main] 2025-07-29 16:17:38 Info: exception-policy: master exception-policy set to: auto
[1 - Suricata-Main] 2025-07-29 16:17:38 Info: privs: dropped the caps for main thread
[1 - Suricata-Main] 2025-07-29 16:17:38 Info: conf: Running in live mode, activating unix socket
[1 - Suricata-Main] 2025-07-29 16:17:38 Info: logopenfile: fast output device (regular) initialized: fast.log
[1 - Suricata-Main] 2025-07-29 16:17:38 Info: logopenfile: eve-log output device (regular) initialized: eve.json
[1 - Suricata-Main] 2025-07-29 16:17:38 Info: logopenfile: stats output device (regular) initialized: stats.log
[1 - Suricata-Main] 2025-07-29 16:17:47 Info: detect: 1 rule files processed. 44154 rules successfully loaded, 0 rules failed, 0
[1 - Suricata-Main] 2025-07-29 16:17:47 Info: threshold-config: Threshold config parsed: 0 rule(s) found
[1 - Suricata-Main] 2025-07-29 16:17:47 Info: detect: 44157 signatures processed. 938 are IP-only rules, 4364 are inspecting packet payload, 38633 inspect application layer, 109 are decoder event only
[1 - Suricata-Main] 2025-07-29 16:18:05 Warning: af-packet: eth0: AF_PACKET tpacket-v3 is recommended for non-inline operation
[1 - Suricata-Main] 2025-07-29 16:18:05 Info: runmodes: eth0: creating 2 threads
[1 - Suricata-Main] 2025-07-29 16:18:05 Info: unix-manager: unix socket '/var/run/suricata/suricata-command.socket'
[1 - Suricata-Main] 2025-07-29 16:18:05 Notice: threads: Threads created -> W: 2 FM: 1 FR: 1   Engine started.
[1 - Suricata-Main] 2025-07-29 16:20:03 Notice: suricata: Signal Received.  Stopping engine.
[1 - Suricata-Main] 2025-07-29 16:20:04 Info: suricata: time elapsed 119.541s
[1 - Suricata-Main] 2025-07-29 16:20:05 Info: counters: Alerts: 0
[1 - Suricata-Main] 2025-07-29 16:20:05 Notice: device: eth0: packets: 4379, drops: 0 (0.00%), invalid chksum: 0
[1 - Suricata-Main] 2025-07-29 16:22:26 Notice: suricata: This is Suricata version 7.0.11 RELEASE running in SYSTEM mode
[1 - Suricata-Main] 2025-07-29 16:22:26 Info: cpu: CPUs/cores online: 2
[1 - Suricata-Main] 2025-07-29 16:22:26 Info: suricata: Setting engine mode to IDS mode by default
[1 - Suricata-Main] 2025-07-29 16:22:26 Info: exception-policy: master exception-policy set to: auto
[1 - Suricata-Main] 2025-07-29 16:25:06 Notice: suricata: This is Suricata version 7.0.11 RELEASE running in SYSTEM mode
[1 - Suricata-Main] 2025-07-29 16:25:06 Info: cpu: CPUs/cores online: 2
[1 - Suricata-Main] 2025-07-29 16:25:06 Info: suricata: Setting engine mode to IDS mode by default
[1 - Suricata-Main] 2025-07-29 16:25:06 Info: exception-policy: master exception-policy set to: auto
[1 - Suricata-Main] 2025-07-29 16:25:52 Notice: suricata: This is Suricata version 7.0.11 RELEASE running in SYSTEM mode
[1 - Suricata-Main] 2025-07-29 16:25:52 Info: cpu: CPUs/cores online: 2
[1 - Suricata-Main] 2025-07-29 16:25:52 Info: suricata: Setting engine mode to IDS mode by default
[1 - Suricata-Main] 2025-07-29 16:25:52 Info: exception-policy: master exception-policy set to: auto
[1 - Suricata-Main] 2025-07-29 16:25:52 Error: pidfile: pid file '/var/run/suricata.pid' exists but appears stale. Make sure Suricata is not running and then remove /var/run/suricata.pid. Aborting!
[1 - Suricata-Main] 2025-07-29 16:27:47 Notice: suricata: This is Suricata version 7.0.11 RELEASE running in SYSTEM mode
[1 - Suricata-Main] 2025-07-29 16:27:47 Info: cpu: CPUs/cores online: 2
[1 - Suricata-Main] 2025-07-29 16:27:47 Info: suricata: Setting engine mode to IDS mode by default
[1 - Suricata-Main] 2025-07-29 16:27:47 Info: exception-policy: master exception-policy set to: auto
[1 - Suricata-Main] 2025-07-29 16:32:02 Notice: suricata: This is Suricata version 7.0.11 RELEASE running in SYSTEM mode
[1 - Suricata-Main] 2025-07-29 16:32:02 Info: cpu: CPUs/cores online: 2
[1 - Suricata-Main] 2025-07-29 16:32:02 Info: suricata: Setting engine mode to IDS mode by default
[1 - Suricata-Main] 2025-07-29 16:32:02 Info: exception-policy: master exception-policy set to: auto
[1 - Suricata-Main] 2025-07-29 16:32:02 Info: conf: Running in live mode, activating unix socket
[1 - Suricata-Main] 2025-07-29 16:32:02 Info: logopenfile: fast output device (regular) initialized: fast.log
[1 - Suricata-Main] 2025-07-29 16:32:02 Info: logopenfile: eve-log output device (regular) initialized: eve.json
[1 - Suricata-Main] 2025-07-29 16:32:02 Info: logopenfile: stats output device (regular) initialized: stats.log
[1 - Suricata-Main] 2025-07-29 16:32:12 Info: detect: 1 rule files processed. 44154 rules successfully loaded, 0 rules failed, 0
[1 - Suricata-Main] 2025-07-29 16:32:12 Info: threshold-config: Threshold config parsed: 0 rule(s) found
[1 - Suricata-Main] 2025-07-29 16:32:12 Info: detect: 44157 signatures processed. 938 are IP-only rules, 4364 are inspecting packet payload, 38633 inspect application layer, 109 are decoder event only
[1 - Suricata-Main] 2025-07-29 16:32:29 Warning: af-packet: eth0: AF_PACKET tpacket-v3 is recommended for non-inline operation
[1 - Suricata-Main] 2025-07-29 16:32:29 Info: runmodes: eth0: creating 2 threads
[1 - Suricata-Main] 2025-07-29 16:32:29 Info: unix-manager: unix socket '/var/run/suricata/suricata-command.socket'
[1 - Suricata-Main] 2025-07-29 16:32:29 Notice: threads: Threads created -> W: 2 FM: 1 FR: 1   Engine started.
[1 - Suricata-Main] 2025-07-29 19:56:01 Notice: suricata: Signal Received.  Stopping engine.
[1 - Suricata-Main] 2025-07-29 19:56:01 Info: suricata: time elapsed 12212.496s
[1 - Suricata-Main] 2025-07-29 19:56:03 Info: counters: Alerts: 16492
[1 - Suricata-Main] 2025-07-29 19:56:03 Notice: device: eth0: packets: 188661, drops: 0 (0.00%), invalid chksum: 0
[1 - Suricata-Main] 2025-07-29 19:57:17 Notice: suricata: This is Suricata version 7.0.11 RELEASE running in SYSTEM mode
[1 - Suricata-Main] 2025-07-29 19:57:17 Info: cpu: CPUs/cores online: 2
[1 - Suricata-Main] 2025-07-29 19:57:17 Info: suricata: Setting engine mode to IDS mode by default
[1 - Suricata-Main] 2025-07-29 19:57:17 Info: exception-policy: master exception-policy set to: auto
[1 - Suricata-Main] 2025-07-29 19:57:17 Info: conf: Running in live mode, activating unix socket
[1 - Suricata-Main] 2025-07-29 19:57:17 Info: logopenfile: fast output device (regular) initialized: fast.log
[1 - Suricata-Main] 2025-07-29 19:57:17 Info: logopenfile: eve-log output device (regular) initialized: eve.json
[1 - Suricata-Main] 2025-07-29 19:57:17 Info: logopenfile: stats output device (regular) initialized: stats.log
[1 - Suricata-Main] 2025-07-29 19:57:17 Warning: detect: No rule files match the pattern /var/lib/suricata/rules/suricata.rules
[1 - Suricata-Main] 2025-07-29 19:57:17 Warning: detect: 1 rule files specified, but no rules were loaded!
[1 - Suricata-Main] 2025-07-29 19:57:17 Info: threshold-config: Threshold config parsed: 0 rule(s) found
[1 - Suricata-Main] 2025-07-29 19:57:17 Info: detect: 0 signatures processed. 0 are IP-only rules, 0 are inspecting packet payload, 0 inspect application layer, 0 are decoder event only
[1 - Suricata-Main] 2025-07-29 19:57:17 Warning: af-packet: eth0: AF_PACKET tpacket-v3 is recommended for non-inline operation
[1 - Suricata-Main] 2025-07-29 19:57:17 Info: runmodes: eth0: creating 2 threads
[1 - Suricata-Main] 2025-07-29 19:57:17 Info: unix-manager: unix socket '/var/run/suricata/suricata-command.socket'
[1 - Suricata-Main] 2025-07-29 19:57:17 Notice: threads: Threads created -> W: 2 FM: 1 FR: 1   Engine started.
[1 - Suricata-Main] 2025-07-29 19:59:48 Notice: suricata: Signal Received.  Stopping engine.
[1 - Suricata-Main] 2025-07-29 19:59:49 Info: suricata: time elapsed 152.373s
[1 - Suricata-Main] 2025-07-29 19:59:50 Info: counters: Alerts: 0
[1 - Suricata-Main] 2025-07-29 19:59:50 Notice: device: eth0: packets: 4448, drops: 0 (0.00%), invalid chksum: 0
[1 - Suricata-Main] 2025-07-29 20:03:14 Notice: suricata: This is Suricata version 7.0.11 RELEASE running in SYSTEM mode
[1 - Suricata-Main] 2025-07-29 20:03:14 Info: cpu: CPUs/cores online: 2
[1 - Suricata-Main] 2025-07-29 20:03:14 Info: suricata: Setting engine mode to IDS mode by default
[1 - Suricata-Main] 2025-07-29 20:03:14 Info: exception-policy: master exception-policy set to: auto
[1 - Suricata-Main] 2025-07-29 20:03:14 Info: conf: Running in live mode, activating unix socket
[1 - Suricata-Main] 2025-07-29 20:03:14 Info: logopenfile: fast output device (regular) initialized: fast.log
[1 - Suricata-Main] 2025-07-29 20:03:14 Info: logopenfile: eve-log output device (regular) initialized: eve.json
[1 - Suricata-Main] 2025-07-29 20:03:14 Info: logopenfile: stats output device (regular) initialized: stats.log
[1 - Suricata-Main] 2025-07-29 20:03:14 Warning: detect: No rule files match the pattern /var/lib/suricata/rules/suricata.rules
[1 - Suricata-Main] 2025-07-29 20:03:14 Warning: detect: 1 rule files specified, but no rules were loaded!
[1 - Suricata-Main] 2025-07-29 20:03:14 Info: threshold-config: Threshold config parsed: 0 rule(s) found
[1 - Suricata-Main] 2025-07-29 20:03:14 Info: detect: 0 signatures processed. 0 are IP-only rules, 0 are inspecting packet payload, 0 inspect application layer, 0 are decoder event only
[1 - Suricata-Main] 2025-07-29 20:03:14 Warning: af-packet: eth0: AF_PACKET tpacket-v3 is recommended for non-inline operation
[1 - Suricata-Main] 2025-07-29 20:03:14 Info: runmodes: eth0: creating 2 threads
[1 - Suricata-Main] 2025-07-29 20:03:14 Info: unix-manager: unix socket '/var/run/suricata/suricata-command.socket'
[1 - Suricata-Main] 2025-07-29 20:03:14 Notice: threads: Threads created -> W: 2 FM: 1 FR: 1   Engine started.
[1 - Suricata-Main] 2025-07-29 20:04:55 Notice: suricata: Signal Received.  Stopping engine.
[1 - Suricata-Main] 2025-07-29 20:04:55 Info: suricata: time elapsed 100.599s
[1 - Suricata-Main] 2025-07-29 20:04:56 Info: counters: Alerts: 0
[1 - Suricata-Main] 2025-07-29 20:04:56 Notice: device: eth0: packets: 2714, drops: 0 (0.00%), invalid chksum: 0
[1 - Suricata-Main] 2025-07-29 20:06:08 Notice: suricata: This is Suricata version 7.0.11 RELEASE running in SYSTEM mode
[1 - Suricata-Main] 2025-07-29 20:06:08 Info: cpu: CPUs/cores online: 2
[1 - Suricata-Main] 2025-07-29 20:06:08 Info: suricata: Setting engine mode to IDS mode by default
[1 - Suricata-Main] 2025-07-29 20:06:08 Info: exception-policy: master exception-policy set to: auto
[1 - Suricata-Main] 2025-07-29 20:06:08 Info: conf: Running in live mode, activating unix socket
[1 - Suricata-Main] 2025-07-29 20:06:08 Info: logopenfile: fast output device (regular) initialized: fast.log
[1 - Suricata-Main] 2025-07-29 20:06:08 Info: logopenfile: eve-log output device (regular) initialized: eve.json
[1 - Suricata-Main] 2025-07-29 20:06:08 Info: logopenfile: stats output device (regular) initialized: stats.log
[1 - Suricata-Main] 2025-07-29 20:06:08 Error: detect-parse: no rule options.
[1 - Suricata-Main] 2025-07-29 20:06:08 Error: detect: error parsing signature "// filepath: /home/node/suricata/rules/local.rules" from file /var/lib/suricata/rules/suricata.rules at line 11
[1 - Suricata-Main] 2025-07-29 20:06:08 Error: detect: failed to parse address "malicious_ip"
[1 - Suricata-Main] 2025-07-29 20:06:08 Error: detect: error parsing signature "alert ip 10.0.0.0/24 any -> [malicious_ip] any (msg:"Outbound connection to known malware host"; sid:1000010; rev:1;)" from file /var/lib/suricata/rules/suricata.rules at line 13
[1 - Suricata-Main] 2025-07-29 20:06:08 Info: detect: 1 rule files processed. 5 rules successfully loaded, 2 rules failed, 0
[1 - Suricata-Main] 2025-07-29 20:06:08 Info: threshold-config: Threshold config parsed: 0 rule(s) found
[1 - Suricata-Main] 2025-07-29 20:06:08 Info: detect: 5 signatures processed. 1 are IP-only rules, 1 are inspecting packet payload, 2 inspect application layer, 0 are decoder event only
[1 - Suricata-Main] 2025-07-29 20:06:08 Warning: detect: rule 1000002: SYN-only to port(s) 80:80 w/o direction specified, disabling for toclient direction
[1 - Suricata-Main] 2025-07-29 20:06:08 Warning: af-packet: eth0: AF_PACKET tpacket-v3 is recommended for non-inline operation
[1 - Suricata-Main] 2025-07-29 20:06:08 Info: runmodes: eth0: creating 2 threads
[1 - Suricata-Main] 2025-07-29 20:06:08 Info: unix-manager: unix socket '/var/run/suricata/suricata-command.socket'
[1 - Suricata-Main] 2025-07-29 20:06:08 Notice: threads: Threads created -> W: 2 FM: 1 FR: 1   Engine started.
[1 - Suricata-Main] 2025-07-29 20:07:03 Notice: suricata: Signal Received.  Stopping engine.
[1 - Suricata-Main] 2025-07-29 20:07:03 Info: suricata: time elapsed 54.816s
[1 - Suricata-Main] 2025-07-29 20:07:04 Info: counters: Alerts: 0
[1 - Suricata-Main] 2025-07-29 20:07:04 Notice: device: eth0: packets: 3545, drops: 0 (0.00%), invalid chksum: 0
[1 - Suricata-Main] 2025-07-29 20:07:36 Notice: suricata: This is Suricata version 7.0.11 RELEASE running in SYSTEM mode
[1 - Suricata-Main] 2025-07-29 20:07:36 Info: cpu: CPUs/cores online: 2
[1 - Suricata-Main] 2025-07-29 20:07:36 Info: suricata: Setting engine mode to IDS mode by default
[1 - Suricata-Main] 2025-07-29 20:07:36 Info: exception-policy: master exception-policy set to: auto
[1 - Suricata-Main] 2025-07-29 20:07:36 Info: conf: Running in live mode, activating unix socket
[1 - Suricata-Main] 2025-07-29 20:07:36 Info: logopenfile: fast output device (regular) initialized: fast.log
[1 - Suricata-Main] 2025-07-29 20:07:36 Info: logopenfile: eve-log output device (regular) initialized: eve.json
[1 - Suricata-Main] 2025-07-29 20:07:36 Info: logopenfile: stats output device (regular) initialized: stats.log
[1 - Suricata-Main] 2025-07-29 20:07:36 Error: detect: failed to parse address "malicious_ip"
[1 - Suricata-Main] 2025-07-29 20:07:36 Error: detect: error parsing signature "alert ip 10.0.0.0/24 any -> [malicious_ip] any (msg:"Outbound connection to known malware host"; sid:1000010; rev:1;)" from file /var/lib/suricata/rules/suricata.rules at line 11
[1 - Suricata-Main] 2025-07-29 20:07:36 Info: detect: 1 rule files processed. 5 rules successfully loaded, 1 rules failed, 0
[1 - Suricata-Main] 2025-07-29 20:07:36 Info: threshold-config: Threshold config parsed: 0 rule(s) found
[1 - Suricata-Main] 2025-07-29 20:07:36 Info: detect: 5 signatures processed. 1 are IP-only rules, 1 are inspecting packet payload, 2 inspect application layer, 0 are decoder event only
[1 - Suricata-Main] 2025-07-29 20:07:36 Warning: detect: rule 1000002: SYN-only to port(s) 80:80 w/o direction specified, disabling for toclient direction
[1 - Suricata-Main] 2025-07-29 20:07:36 Warning: af-packet: eth0: AF_PACKET tpacket-v3 is recommended for non-inline operation
[1 - Suricata-Main] 2025-07-29 20:07:36 Info: runmodes: eth0: creating 2 threads
[1 - Suricata-Main] 2025-07-29 20:07:36 Info: unix-manager: unix socket '/var/run/suricata/suricata-command.socket'
[1 - Suricata-Main] 2025-07-29 20:07:36 Notice: threads: Threads created -> W: 2 FM: 1 FR: 1   Engine started.
[1 - Suricata-Main] 2025-07-29 20:07:57 Notice: suricata: Signal Received.  Stopping engine.
[1 - Suricata-Main] 2025-07-29 20:07:58 Info: suricata: time elapsed 21.943s
[1 - Suricata-Main] 2025-07-29 20:07:59 Info: counters: Alerts: 0
[1 - Suricata-Main] 2025-07-29 20:07:59 Notice: device: eth0: packets: 357, drops: 0 (0.00%), invalid chksum: 0
[1 - Suricata-Main] 2025-07-29 20:18:39 Notice: suricata: This is Suricata version 7.0.11 RELEASE running in SYSTEM mode
[1 - Suricata-Main] 2025-07-29 20:18:39 Info: cpu: CPUs/cores online: 2
[1 - Suricata-Main] 2025-07-29 20:18:39 Info: suricata: Setting engine mode to IDS mode by default
[1 - Suricata-Main] 2025-07-29 20:18:39 Info: exception-policy: master exception-policy set to: auto
[1 - Suricata-Main] 2025-07-29 20:18:39 Info: conf: Running in live mode, activating unix socket
[1 - Suricata-Main] 2025-07-29 20:18:39 Info: logopenfile: fast output device (regular) initialized: fast.log
[1 - Suricata-Main] 2025-07-29 20:18:39 Info: logopenfile: eve-log output device (regular) initialized: eve.json
[1 - Suricata-Main] 2025-07-29 20:18:39 Info: logopenfile: stats output device (regular) initialized: stats.log
[1 - Suricata-Main] 2025-07-29 20:18:39 Info: detect: 1 rule files processed. 5 rules successfully loaded, 0 rules failed, 0
[1 - Suricata-Main] 2025-07-29 20:18:39 Info: threshold-config: Threshold config parsed: 0 rule(s) found
[1 - Suricata-Main] 2025-07-29 20:18:39 Info: detect: 5 signatures processed. 1 are IP-only rules, 1 are inspecting packet payload, 2 inspect application layer, 0 are decoder event only
[1 - Suricata-Main] 2025-07-29 20:18:39 Warning: detect: rule 1000002: SYN-only to port(s) 80:80 w/o direction specified, disabling for toclient direction
[1 - Suricata-Main] 2025-07-29 20:18:39 Warning: af-packet: eth0: AF_PACKET tpacket-v3 is recommended for non-inline operation
[1 - Suricata-Main] 2025-07-29 20:18:39 Info: runmodes: eth0: creating 2 threads
[1 - Suricata-Main] 2025-07-29 20:18:39 Info: unix-manager: unix socket '/var/run/suricata/suricata-command.socket'
[1 - Suricata-Main] 2025-07-29 20:18:39 Notice: threads: Threads created -> W: 2 FM: 1 FR: 1   Engine started.
